<?xml version="1.0" encoding="UTF-8"?>
<testsuite xmlns:xsi="http://www.w3.org/2001/XMLSchema-instance" xsi:noNamespaceSchemaLocation="https://maven.apache.org/surefire/maven-surefire-plugin/xsd/surefire-test-report.xsd" name="TestSuite" time="83.428" tests="9" errors="0" skipped="0" failures="2">
  <properties>
[...]
</properties>
  <testcase name="validateTitle" classname="com.qa.testscripts.TC_Newtours_001" time="0.026"/>
  <testcase name="validateTitle" classname="com.qa.testscripts.TC_Newtours_001" time="0.118"/>
  <testcase name="isTitleInUpperCase" classname="com.qa.testscripts.TC_Newtours_001" time="0.023">
    <failure message="Title is not in upper case expected [WELCOME: MERCURY TOURS] but found [Welcome: Mercury Tours]" type="java.lang.AssertionError">java.lang.AssertionError: Title is not in upper case expected [WELCOME: MERCURY TOURS] but found [Welcome: Mercury Tours]
	at com.qa.testscripts.TC_Newtours_001.isTitleInUpperCase(TC_Newtours_001.java:27)
</failure>
  </testcase>
  <testcase name="UPTextbox" classname="com.qa.testscripts.TC_Newtours_001" time="0.352"/>
  <testcase name="isSigninBtnEnabled" classname="com.qa.testscripts.TC_Newtours_001" time="0.209"/>
  <testcase name="login" classname="com.qa.testscripts.TC_Newtours_001" time="4.037"/>
  <testcase name="flight" classname="com.qa.testscripts.TC_Newtours_001" time="1.413">
    <failure message="expected [Book a flight] but found [Find a Flight: Mercury Tours:]" type="java.lang.AssertionError">java.lang.AssertionError: expected [Book a flight] but found [Find a Flight: Mercury Tours:]
	at com.qa.testscripts.TC_Newtours_001.flight(TC_Newtours_001.java:62)
</failure>
  </testcase>
  <testcase name="isRoundTripSelected" classname="com.qa.testscripts.TC_Newtours_001" time="2.953"/>
  <testcase name="fillAllDetails" classname="com.qa.testscripts.TC_Newtours_001" time="29.079"/>
</testsuite>
